{"C:\\Users\\david\\Documents\\revatureTraining\\Project1\\repository\\reg&loginDAO.js": {"path":"C:\\Users\\david\\Documents\\revatureTraining\\Project1\\repository\\reg&loginDAO.js","statementMap":{"0":{"start":{"line":1,"column":39},"end":{"line":1,"column":74}},"1":{"start":{"line":9,"column":4},"end":{"line":9,"column":36}},"2":{"start":{"line":12,"column":15},"end":{"line":12,"column":56}},"3":{"start":{"line":14,"column":23},"end":{"line":14,"column":58}},"4":{"start":{"line":16,"column":18},"end":{"line":16,"column":34}},"5":{"start":{"line":21,"column":20},"end":{"line":23,"column":6}},"6":{"start":{"line":24,"column":4},"end":{"line":35,"column":5}},"7":{"start":{"line":25,"column":21},"end":{"line":25,"column":55}},"8":{"start":{"line":26,"column":24},"end":{"line":26,"column":34}},"9":{"start":{"line":28,"column":8},"end":{"line":30,"column":11}},"10":{"start":{"line":29,"column":12},"end":{"line":29,"column":31}},"11":{"start":{"line":32,"column":8},"end":{"line":32,"column":25}},"12":{"start":{"line":34,"column":8},"end":{"line":34,"column":29}},"13":{"start":{"line":38,"column":20},"end":{"line":41,"column":6}},"14":{"start":{"line":42,"column":4},"end":{"line":47,"column":5}},"15":{"start":{"line":43,"column":21},"end":{"line":43,"column":55}},"16":{"start":{"line":44,"column":8},"end":{"line":44,"column":25}},"17":{"start":{"line":46,"column":8},"end":{"line":46,"column":29}},"18":{"start":{"line":51,"column":20},"end":{"line":56,"column":6}},"19":{"start":{"line":57,"column":4},"end":{"line":62,"column":5}},"20":{"start":{"line":58,"column":21},"end":{"line":58,"column":55}},"21":{"start":{"line":59,"column":8},"end":{"line":59,"column":29}},"22":{"start":{"line":61,"column":8},"end":{"line":61,"column":29}},"23":{"start":{"line":67,"column":20},"end":{"line":70,"column":6}},"24":{"start":{"line":71,"column":4},"end":{"line":76,"column":5}},"25":{"start":{"line":72,"column":21},"end":{"line":72,"column":55}},"26":{"start":{"line":73,"column":8},"end":{"line":73,"column":20}},"27":{"start":{"line":75,"column":8},"end":{"line":75,"column":29}},"28":{"start":{"line":81,"column":15},"end":{"line":81,"column":44}},"29":{"start":{"line":82,"column":4},"end":{"line":94,"column":5}},"30":{"start":{"line":83,"column":24},"end":{"line":86,"column":10}},"31":{"start":{"line":88,"column":8},"end":{"line":93,"column":9}},"32":{"start":{"line":89,"column":25},"end":{"line":89,"column":59}},"33":{"start":{"line":90,"column":12},"end":{"line":90,"column":24}},"34":{"start":{"line":92,"column":12},"end":{"line":92,"column":80}},"35":{"start":{"line":95,"column":4},"end":{"line":95,"column":16}},"36":{"start":{"line":138,"column":0},"end":{"line":146,"column":1}}},"fnMap":{"0":{"name":"getAllEmployees","decl":{"start":{"line":20,"column":15},"end":{"line":20,"column":30}},"loc":{"start":{"line":20,"column":32},"end":{"line":36,"column":1}},"line":20},"1":{"name":"(anonymous_1)","decl":{"start":{"line":28,"column":23},"end":{"line":28,"column":24}},"loc":{"start":{"line":28,"column":33},"end":{"line":30,"column":9}},"line":28},"2":{"name":"getEmployeeById","decl":{"start":{"line":37,"column":15},"end":{"line":37,"column":30}},"loc":{"start":{"line":37,"column":34},"end":{"line":48,"column":1}},"line":37},"3":{"name":"getEmployeeByName","decl":{"start":{"line":50,"column":15},"end":{"line":50,"column":32}},"loc":{"start":{"line":50,"column":46},"end":{"line":64,"column":1}},"line":50},"4":{"name":"postEmployee","decl":{"start":{"line":66,"column":15},"end":{"line":66,"column":27}},"loc":{"start":{"line":66,"column":33},"end":{"line":78,"column":1}},"line":66},"5":{"name":"deleteEmployeeByName","decl":{"start":{"line":80,"column":15},"end":{"line":80,"column":35}},"loc":{"start":{"line":80,"column":41},"end":{"line":96,"column":1}},"line":80}},"branchMap":{"0":{"loc":{"start":{"line":82,"column":4},"end":{"line":94,"column":5}},"type":"if","locations":[{"start":{"line":82,"column":4},"end":{"line":94,"column":5}},{"start":{},"end":{}}],"line":82}},"s":{"0":1,"1":1,"2":1,"3":1,"4":1,"5":3,"6":3,"7":3,"8":3,"9":3,"10":7,"11":3,"12":0,"13":1,"14":1,"15":1,"16":1,"17":0,"18":3,"19":3,"20":3,"21":3,"22":0,"23":1,"24":1,"25":1,"26":1,"27":0,"28":1,"29":1,"30":1,"31":1,"32":1,"33":1,"34":0,"35":0,"36":1},"f":{"0":3,"1":7,"2":1,"3":3,"4":1,"5":1},"b":{"0":[1,0]},"_coverageSchema":"1a1c01bbd47fc00a2c39e90264f33305004495a9","hash":"4378d2ce426efce4e4dfef0cad77a0e9ae4be194"}
,"C:\\Users\\david\\Documents\\revatureTraining\\Project1\\repository\\ticketDAO.js": {"path":"C:\\Users\\david\\Documents\\revatureTraining\\Project1\\repository\\ticketDAO.js","statementMap":{"0":{"start":{"line":1,"column":39},"end":{"line":1,"column":74}},"1":{"start":{"line":9,"column":4},"end":{"line":9,"column":36}},"2":{"start":{"line":11,"column":15},"end":{"line":11,"column":56}},"3":{"start":{"line":13,"column":23},"end":{"line":13,"column":58}},"4":{"start":{"line":15,"column":18},"end":{"line":15,"column":32}},"5":{"start":{"line":20,"column":20},"end":{"line":25,"column":6}},"6":{"start":{"line":26,"column":4},"end":{"line":31,"column":5}},"7":{"start":{"line":27,"column":21},"end":{"line":27,"column":55}},"8":{"start":{"line":28,"column":8},"end":{"line":28,"column":26}},"9":{"start":{"line":30,"column":8},"end":{"line":30,"column":29}},"10":{"start":{"line":36,"column":19},"end":{"line":41,"column":5}},"11":{"start":{"line":42,"column":4},"end":{"line":47,"column":5}},"12":{"start":{"line":43,"column":21},"end":{"line":43,"column":55}},"13":{"start":{"line":44,"column":8},"end":{"line":44,"column":26}},"14":{"start":{"line":46,"column":8},"end":{"line":46,"column":29}},"15":{"start":{"line":51,"column":20},"end":{"line":54,"column":6}},"16":{"start":{"line":55,"column":4},"end":{"line":60,"column":5}},"17":{"start":{"line":56,"column":21},"end":{"line":56,"column":55}},"18":{"start":{"line":57,"column":8},"end":{"line":57,"column":25}},"19":{"start":{"line":59,"column":8},"end":{"line":59,"column":29}},"20":{"start":{"line":64,"column":20},"end":{"line":67,"column":6}},"21":{"start":{"line":68,"column":4},"end":{"line":73,"column":5}},"22":{"start":{"line":69,"column":21},"end":{"line":69,"column":55}},"23":{"start":{"line":70,"column":8},"end":{"line":70,"column":20}},"24":{"start":{"line":72,"column":8},"end":{"line":72,"column":29}},"25":{"start":{"line":77,"column":20},"end":{"line":86,"column":6}},"26":{"start":{"line":88,"column":4},"end":{"line":95,"column":5}},"27":{"start":{"line":89,"column":21},"end":{"line":89,"column":55}},"28":{"start":{"line":90,"column":26},"end":{"line":90,"column":60}},"29":{"start":{"line":91,"column":8},"end":{"line":91,"column":36}},"30":{"start":{"line":93,"column":8},"end":{"line":93,"column":76}},"31":{"start":{"line":94,"column":8},"end":{"line":94,"column":20}},"32":{"start":{"line":99,"column":20},"end":{"line":108,"column":6}},"33":{"start":{"line":110,"column":4},"end":{"line":116,"column":5}},"34":{"start":{"line":111,"column":21},"end":{"line":111,"column":55}},"35":{"start":{"line":112,"column":8},"end":{"line":112,"column":20}},"36":{"start":{"line":114,"column":8},"end":{"line":114,"column":76}},"37":{"start":{"line":115,"column":8},"end":{"line":115,"column":20}},"38":{"start":{"line":120,"column":20},"end":{"line":123,"column":6}},"39":{"start":{"line":124,"column":4},"end":{"line":130,"column":5}},"40":{"start":{"line":125,"column":21},"end":{"line":125,"column":55}},"41":{"start":{"line":126,"column":8},"end":{"line":126,"column":20}},"42":{"start":{"line":128,"column":8},"end":{"line":128,"column":27}},"43":{"start":{"line":129,"column":8},"end":{"line":129,"column":20}},"44":{"start":{"line":134,"column":0},"end":{"line":142,"column":1}}},"fnMap":{"0":{"name":"getAllPendingTickets","decl":{"start":{"line":19,"column":15},"end":{"line":19,"column":35}},"loc":{"start":{"line":19,"column":37},"end":{"line":32,"column":1}},"line":19},"1":{"name":"getTicketsByAuthor","decl":{"start":{"line":34,"column":15},"end":{"line":34,"column":33}},"loc":{"start":{"line":34,"column":41},"end":{"line":48,"column":1}},"line":34},"2":{"name":"getTicketById","decl":{"start":{"line":50,"column":15},"end":{"line":50,"column":28}},"loc":{"start":{"line":50,"column":32},"end":{"line":61,"column":1}},"line":50},"3":{"name":"postTicket","decl":{"start":{"line":63,"column":15},"end":{"line":63,"column":25}},"loc":{"start":{"line":63,"column":33},"end":{"line":74,"column":1}},"line":63},"4":{"name":"updateTicketStatus","decl":{"start":{"line":76,"column":15},"end":{"line":76,"column":33}},"loc":{"start":{"line":76,"column":41},"end":{"line":96,"column":1}},"line":76},"5":{"name":"updateTicketResolver","decl":{"start":{"line":98,"column":15},"end":{"line":98,"column":35}},"loc":{"start":{"line":98,"column":43},"end":{"line":117,"column":1}},"line":98},"6":{"name":"deleteTicketById","decl":{"start":{"line":119,"column":15},"end":{"line":119,"column":31}},"loc":{"start":{"line":119,"column":35},"end":{"line":131,"column":1}},"line":119}},"branchMap":{},"s":{"0":1,"1":1,"2":1,"3":1,"4":1,"5":1,"6":1,"7":1,"8":1,"9":0,"10":1,"11":1,"12":1,"13":1,"14":0,"15":1,"16":1,"17":1,"18":1,"19":0,"20":1,"21":1,"22":1,"23":1,"24":0,"25":1,"26":1,"27":1,"28":1,"29":1,"30":0,"31":0,"32":1,"33":1,"34":1,"35":1,"36":0,"37":0,"38":1,"39":1,"40":1,"41":1,"42":0,"43":0,"44":1},"f":{"0":1,"1":1,"2":1,"3":1,"4":1,"5":1,"6":1},"b":{},"_coverageSchema":"1a1c01bbd47fc00a2c39e90264f33305004495a9","hash":"5ae3ebb4196adb6781287bc08c8505fca4641014"}
,"C:\\Users\\david\\Documents\\revatureTraining\\Project1\\service\\reg&loginService.js": {"path":"C:\\Users\\david\\Documents\\revatureTraining\\Project1\\service\\reg&loginService.js","statementMap":{"0":{"start":{"line":1,"column":20},"end":{"line":1,"column":57}},"1":{"start":{"line":4,"column":18},"end":{"line":4,"column":53}},"2":{"start":{"line":5,"column":4},"end":{"line":5,"column":17}},"3":{"start":{"line":8,"column":21},"end":{"line":8,"column":58}},"4":{"start":{"line":9,"column":4},"end":{"line":9,"column":20}},"5":{"start":{"line":12,"column":17},"end":{"line":12,"column":58}},"6":{"start":{"line":13,"column":4},"end":{"line":13,"column":16}},"7":{"start":{"line":17,"column":4},"end":{"line":20,"column":5}},"8":{"start":{"line":18,"column":19},"end":{"line":18,"column":59}},"9":{"start":{"line":19,"column":8},"end":{"line":19,"column":20}},"10":{"start":{"line":21,"column":4},"end":{"line":21,"column":16}},"11":{"start":{"line":26,"column":4},"end":{"line":28,"column":5}},"12":{"start":{"line":27,"column":8},"end":{"line":27,"column":21}},"13":{"start":{"line":29,"column":4},"end":{"line":29,"column":16}},"14":{"start":{"line":34,"column":15},"end":{"line":34,"column":59}},"15":{"start":{"line":35,"column":4},"end":{"line":37,"column":5}},"16":{"start":{"line":36,"column":8},"end":{"line":36,"column":20}},"17":{"start":{"line":38,"column":4},"end":{"line":38,"column":16}},"18":{"start":{"line":49,"column":0},"end":{"line":57,"column":1}}},"fnMap":{"0":{"name":"getAllEmployees","decl":{"start":{"line":3,"column":15},"end":{"line":3,"column":30}},"loc":{"start":{"line":3,"column":32},"end":{"line":6,"column":1}},"line":3},"1":{"name":"getEmployeeById","decl":{"start":{"line":7,"column":15},"end":{"line":7,"column":30}},"loc":{"start":{"line":7,"column":34},"end":{"line":10,"column":1}},"line":7},"2":{"name":"getEmployeeByName","decl":{"start":{"line":11,"column":15},"end":{"line":11,"column":32}},"loc":{"start":{"line":11,"column":38},"end":{"line":14,"column":1}},"line":11},"3":{"name":"postEmployee","decl":{"start":{"line":16,"column":15},"end":{"line":16,"column":27}},"loc":{"start":{"line":16,"column":37},"end":{"line":22,"column":1}},"line":16},"4":{"name":"validateItem","decl":{"start":{"line":25,"column":9},"end":{"line":25,"column":21}},"loc":{"start":{"line":25,"column":31},"end":{"line":31,"column":1}},"line":25},"5":{"name":"deleteEmployeeByName","decl":{"start":{"line":33,"column":15},"end":{"line":33,"column":35}},"loc":{"start":{"line":33,"column":41},"end":{"line":39,"column":1}},"line":33}},"branchMap":{"0":{"loc":{"start":{"line":17,"column":4},"end":{"line":20,"column":5}},"type":"if","locations":[{"start":{"line":17,"column":4},"end":{"line":20,"column":5}},{"start":{},"end":{}}],"line":17},"1":{"loc":{"start":{"line":26,"column":4},"end":{"line":28,"column":5}},"type":"if","locations":[{"start":{"line":26,"column":4},"end":{"line":28,"column":5}},{"start":{},"end":{}}],"line":26},"2":{"loc":{"start":{"line":26,"column":7},"end":{"line":26,"column":47}},"type":"binary-expr","locations":[{"start":{"line":26,"column":7},"end":{"line":26,"column":25}},{"start":{"line":26,"column":29},"end":{"line":26,"column":47}}],"line":26},"3":{"loc":{"start":{"line":35,"column":4},"end":{"line":37,"column":5}},"type":"if","locations":[{"start":{"line":35,"column":4},"end":{"line":37,"column":5}},{"start":{},"end":{}}],"line":35}},"s":{"0":1,"1":3,"2":3,"3":1,"4":1,"5":2,"6":2,"7":1,"8":1,"9":1,"10":0,"11":1,"12":0,"13":1,"14":1,"15":1,"16":1,"17":0,"18":1},"f":{"0":3,"1":1,"2":2,"3":1,"4":1,"5":1},"b":{"0":[1,0],"1":[0,1],"2":[1,1],"3":[1,0]},"_coverageSchema":"1a1c01bbd47fc00a2c39e90264f33305004495a9","hash":"7b6bdbfbcd3fe9ee6028e4d774d4799a0b17ea79"}
,"C:\\Users\\david\\Documents\\revatureTraining\\Project1\\service\\ticketService.js": {"path":"C:\\Users\\david\\Documents\\revatureTraining\\Project1\\service\\ticketService.js","statementMap":{"0":{"start":{"line":1,"column":18},"end":{"line":1,"column":52}},"1":{"start":{"line":4,"column":18},"end":{"line":4,"column":56}},"2":{"start":{"line":5,"column":4},"end":{"line":5,"column":17}},"3":{"start":{"line":9,"column":17},"end":{"line":9,"column":59}},"4":{"start":{"line":10,"column":4},"end":{"line":10,"column":16}},"5":{"start":{"line":13,"column":19},"end":{"line":13,"column":52}},"6":{"start":{"line":14,"column":4},"end":{"line":14,"column":18}},"7":{"start":{"line":17,"column":15},"end":{"line":17,"column":49}},"8":{"start":{"line":18,"column":4},"end":{"line":18,"column":16}},"9":{"start":{"line":22,"column":15},"end":{"line":22,"column":57}},"10":{"start":{"line":23,"column":4},"end":{"line":23,"column":16}},"11":{"start":{"line":26,"column":15},"end":{"line":26,"column":51}},"12":{"start":{"line":27,"column":4},"end":{"line":29,"column":5}},"13":{"start":{"line":28,"column":8},"end":{"line":28,"column":20}},"14":{"start":{"line":30,"column":4},"end":{"line":30,"column":16}},"15":{"start":{"line":57,"column":0},"end":{"line":66,"column":1}}},"fnMap":{"0":{"name":"getAllPendingTickets","decl":{"start":{"line":3,"column":15},"end":{"line":3,"column":35}},"loc":{"start":{"line":3,"column":37},"end":{"line":6,"column":1}},"line":3},"1":{"name":"getTicketsByAuthor","decl":{"start":{"line":8,"column":15},"end":{"line":8,"column":33}},"loc":{"start":{"line":8,"column":41},"end":{"line":11,"column":1}},"line":8},"2":{"name":"getTicketById","decl":{"start":{"line":12,"column":15},"end":{"line":12,"column":28}},"loc":{"start":{"line":12,"column":32},"end":{"line":15,"column":1}},"line":12},"3":{"name":"postTicket","decl":{"start":{"line":16,"column":15},"end":{"line":16,"column":25}},"loc":{"start":{"line":16,"column":33},"end":{"line":19,"column":1}},"line":16},"4":{"name":"updateTicketStatus","decl":{"start":{"line":21,"column":15},"end":{"line":21,"column":33}},"loc":{"start":{"line":21,"column":41},"end":{"line":24,"column":1}},"line":21},"5":{"name":"deleteTicketById","decl":{"start":{"line":25,"column":15},"end":{"line":25,"column":31}},"loc":{"start":{"line":25,"column":35},"end":{"line":31,"column":1}},"line":25}},"branchMap":{"0":{"loc":{"start":{"line":27,"column":4},"end":{"line":29,"column":5}},"type":"if","locations":[{"start":{"line":27,"column":4},"end":{"line":29,"column":5}},{"start":{},"end":{}}],"line":27}},"s":{"0":1,"1":1,"2":1,"3":1,"4":1,"5":1,"6":1,"7":1,"8":1,"9":1,"10":1,"11":1,"12":1,"13":1,"14":0,"15":1},"f":{"0":1,"1":1,"2":1,"3":1,"4":1,"5":1},"b":{"0":[1,0]},"_coverageSchema":"1a1c01bbd47fc00a2c39e90264f33305004495a9","hash":"73e3f414e3a4987cf4ac7612f4efc439f24444ca"}
}
