TN:
SF:repository\reg&loginDAO.js
FN:20,getAllEmployees
FN:28,(anonymous_1)
FN:37,getEmployeeById
FN:50,getEmployeeByName
FN:66,postEmployee
FN:80,deleteEmployeeByName
FNF:6
FNH:6
FNDA:3,getAllEmployees
FNDA:7,(anonymous_1)
FNDA:1,getEmployeeById
FNDA:3,getEmployeeByName
FNDA:1,postEmployee
FNDA:1,deleteEmployeeByName
DA:1,1
DA:9,1
DA:12,1
DA:14,1
DA:16,1
DA:21,3
DA:24,3
DA:25,3
DA:26,3
DA:28,3
DA:29,7
DA:32,3
DA:34,0
DA:38,1
DA:42,1
DA:43,1
DA:44,1
DA:46,0
DA:51,3
DA:57,3
DA:58,3
DA:59,3
DA:61,0
DA:67,1
DA:71,1
DA:72,1
DA:73,1
DA:75,0
DA:81,1
DA:82,1
DA:83,1
DA:88,1
DA:89,1
DA:90,1
DA:92,0
DA:95,0
DA:138,1
LF:37
LH:31
BRDA:82,0,0,1
BRDA:82,0,1,0
BRF:2
BRH:1
end_of_record
TN:
SF:repository\ticketDAO.js
FN:19,getAllPendingTickets
FN:34,getTicketsByAuthor
FN:50,getTicketById
FN:63,postTicket
FN:76,updateTicketStatus
FN:98,updateTicketResolver
FN:119,deleteTicketById
FNF:7
FNH:7
FNDA:1,getAllPendingTickets
FNDA:1,getTicketsByAuthor
FNDA:1,getTicketById
FNDA:1,postTicket
FNDA:1,updateTicketStatus
FNDA:1,updateTicketResolver
FNDA:1,deleteTicketById
DA:1,1
DA:9,1
DA:11,1
DA:13,1
DA:15,1
DA:20,1
DA:26,1
DA:27,1
DA:28,1
DA:30,0
DA:36,1
DA:42,1
DA:43,1
DA:44,1
DA:46,0
DA:51,1
DA:55,1
DA:56,1
DA:57,1
DA:59,0
DA:64,1
DA:68,1
DA:69,1
DA:70,1
DA:72,0
DA:77,1
DA:88,1
DA:89,1
DA:90,1
DA:91,1
DA:93,0
DA:94,0
DA:99,1
DA:110,1
DA:111,1
DA:112,1
DA:114,0
DA:115,0
DA:120,1
DA:124,1
DA:125,1
DA:126,1
DA:128,0
DA:129,0
DA:134,1
LF:45
LH:35
BRF:0
BRH:0
end_of_record
TN:
SF:service\reg&loginService.js
FN:3,getAllEmployees
FN:7,getEmployeeById
FN:11,getEmployeeByName
FN:16,postEmployee
FN:25,validateItem
FN:33,deleteEmployeeByName
FNF:6
FNH:6
FNDA:3,getAllEmployees
FNDA:1,getEmployeeById
FNDA:2,getEmployeeByName
FNDA:1,postEmployee
FNDA:1,validateItem
FNDA:1,deleteEmployeeByName
DA:1,1
DA:4,3
DA:5,3
DA:8,1
DA:9,1
DA:12,2
DA:13,2
DA:17,1
DA:18,1
DA:19,1
DA:21,0
DA:26,1
DA:27,0
DA:29,1
DA:34,1
DA:35,1
DA:36,1
DA:38,0
DA:49,1
LF:19
LH:16
BRDA:17,0,0,1
BRDA:17,0,1,0
BRDA:26,1,0,0
BRDA:26,1,1,1
BRDA:26,2,0,1
BRDA:26,2,1,1
BRDA:35,3,0,1
BRDA:35,3,1,0
BRF:8
BRH:5
end_of_record
TN:
SF:service\ticketService.js
FN:3,getAllPendingTickets
FN:8,getTicketsByAuthor
FN:12,getTicketById
FN:16,postTicket
FN:21,updateTicketStatus
FN:25,deleteTicketById
FNF:6
FNH:6
FNDA:1,getAllPendingTickets
FNDA:1,getTicketsByAuthor
FNDA:1,getTicketById
FNDA:1,postTicket
FNDA:1,updateTicketStatus
FNDA:1,deleteTicketById
DA:1,1
DA:4,1
DA:5,1
DA:9,1
DA:10,1
DA:13,1
DA:14,1
DA:17,1
DA:18,1
DA:22,1
DA:23,1
DA:26,1
DA:27,1
DA:28,1
DA:30,0
DA:57,1
LF:16
LH:15
BRDA:27,0,0,1
BRDA:27,0,1,0
BRF:2
BRH:1
end_of_record
